Using pre-set license
Built from '2020.3/staging' branch; Version is '2020.3.4f1 (0abb6314276a) revision 703331'; Using compiler version '192528614'; Build Type 'Release'
OS: 'Windows 10 Home; OS build 19043.1165; Version 2009; 64bit' Language: 'en' Physical Memory: 12174 MB
BatchMode: 1, IsHumanControllingUs: 0, StartBugReporterOnCrash: 0, Is64bit: 1, IsPro: 0

 COMMAND LINE ARGUMENTS:
C:\Program Files\Unity\Hub\Editor\2020.3.4f1\Editor\Unity.exe
-adb2
-batchMode
-noUpm
-name
AssetImportWorker0
-projectPath
D:/Projects/2.5D Platformer Pro Cert
-logFile
Logs/AssetImportWorker0.log
-srvPort
54590
Successfully changed project path to: D:/Projects/2.5D Platformer Pro Cert
D:/Projects/2.5D Platformer Pro Cert
Using Asset Import Pipeline V2.
Refreshing native plugins compatible for Editor in 63.74 ms, found 0 plugins.
Preloading 0 native plugins for Editor in 0.00 ms.
Initialize engine version: 2020.3.4f1 (0abb6314276a)
[Subsystems] Discovering subsystems at path C:/Program Files/Unity/Hub/Editor/2020.3.4f1/Editor/Data/Resources/UnitySubsystems
[Subsystems] Discovering subsystems at path D:/Projects/2.5D Platformer Pro Cert/Assets
GfxDevice: creating device client; threaded=0
Direct3D:
    Version:  Direct3D 11.0 [level 11.1]
    Renderer: Intel(R) UHD Graphics 620 (ID=0x5917)
    Vendor:   
    VRAM:     6087 MB
    Driver:   27.20.100.8681
Shader 'Universal Render Pipeline/Particles/Lit': fallback shader 'Universal Render Pipeline/Particles/SimpleLit' not found
Initialize mono
Mono path[0] = 'C:/Program Files/Unity/Hub/Editor/2020.3.4f1/Editor/Data/Managed'
Mono path[1] = 'C:/Program Files/Unity/Hub/Editor/2020.3.4f1/Editor/Data/MonoBleedingEdge/lib/mono/unityjit'
Mono config path = 'C:/Program Files/Unity/Hub/Editor/2020.3.4f1/Editor/Data/MonoBleedingEdge/etc'
Using monoOptions --debugger-agent=transport=dt_socket,embedding=1,server=y,suspend=n,address=127.0.0.1:56628
Begin MonoManager ReloadAssembly
Registering precompiled unity dll's ...
Register platform support module: C:/Program Files/Unity/Hub/Editor/2020.3.4f1/Editor/Data/PlaybackEngines/WebGLSupport/UnityEditor.WebGL.Extensions.dll
Register platform support module: C:/Program Files/Unity/Hub/Editor/2020.3.4f1/Editor/Data/PlaybackEngines/WindowsStandaloneSupport/UnityEditor.WindowsStandalone.Extensions.dll
Registered in 0.007018 seconds.
Native extension for WindowsStandalone target not found
Native extension for WebGL target not found
Refreshing native plugins compatible for Editor in 73.92 ms, found 0 plugins.
Preloading 0 native plugins for Editor in 0.00 ms.
Mono: successfully reloaded assembly
- Completed reload, in  4.401 seconds
Platform modules already initialized, skipping
Registering precompiled user dll's ...
Registered in 0.002416 seconds.
Begin MonoManager ReloadAssembly
Native extension for WindowsStandalone target not found
Native extension for WebGL target not found
Refreshing native plugins compatible for Editor in 56.98 ms, found 0 plugins.
Preloading 0 native plugins for Editor in 0.00 ms.
Mono: successfully reloaded assembly
- Completed reload, in  1.241 seconds
Platform modules already initialized, skipping
========================================================================
Worker process is ready to serve import requests
Shader 'Universal Render Pipeline/Particles/Lit': fallback shader 'Universal Render Pipeline/Particles/SimpleLit' not found
Launched and connected shader compiler UnityShaderCompiler.exe after 0.05 seconds
Refreshing native plugins compatible for Editor in 0.47 ms, found 0 plugins.
Preloading 0 native plugins for Editor in 0.00 ms.
Unloading 2578 Unused Serialized files (Serialized files now loaded: 0)
System memory in use before: 120.7 MB.
System memory in use after: 120.9 MB.

Unloading 14 unused Assets to reduce memory usage. Loaded Objects now: 3020.
Total: 3.171800 ms (FindLiveObjects: 0.343000 ms CreateObjectMapping: 0.199900 ms MarkObjects: 2.527700 ms  DeleteObjects: 0.099200 ms)

========================================================================
Received Import Request.
  path: Assets/GameDevHQ/FileBase/Projects/Tutorials/Starter_Files/2_5D_Certification_Starter/Scripts/LongLadder.cs
  artifactKey: Guid(7d1acb3c15bc470438265a56e4b71df3) Importer(815301076,1909f56bfc062723c751e8b465ee728b)
Start importing Assets/GameDevHQ/FileBase/Projects/Tutorials/Starter_Files/2_5D_Certification_Starter/Scripts/LongLadder.cs using Guid(7d1acb3c15bc470438265a56e4b71df3) Importer(815301076,1909f56bfc062723c751e8b465ee728b)  -> (artifact id: '1cfb3381d60a9daa497c1d31308642c9') in 0.028990 seconds
  Import took 0.067390 seconds .

========================================================================
Received Prepare
Shader 'Universal Render Pipeline/Particles/Lit': fallback shader 'Universal Render Pipeline/Particles/SimpleLit' not found
Refreshing native plugins compatible for Editor in 3.00 ms, found 0 plugins.
Preloading 0 native plugins for Editor in 0.00 ms.
Unloading 6 Unused Serialized files (Serialized files now loaded: 0)
System memory in use before: 64.7 MB.
System memory in use after: 64.9 MB.

Unloading 6 unused Assets to reduce memory usage. Loaded Objects now: 3020.
Total: 6.530400 ms (FindLiveObjects: 0.631400 ms CreateObjectMapping: 0.437300 ms MarkObjects: 5.339300 ms  DeleteObjects: 0.119600 ms)

========================================================================
Received Prepare
Registering precompiled user dll's ...
Registered in 0.002798 seconds.
Begin MonoManager ReloadAssembly
Native extension for WindowsStandalone target not found
Native extension for WebGL target not found
Refreshing native plugins compatible for Editor in 0.63 ms, found 0 plugins.
Preloading 0 native plugins for Editor in 0.00 ms.
Mono: successfully reloaded assembly
- Completed reload, in  1.781 seconds
Platform modules already initialized, skipping
Shader 'Universal Render Pipeline/Particles/Lit': fallback shader 'Universal Render Pipeline/Particles/SimpleLit' not found
Refreshing native plugins compatible for Editor in 0.88 ms, found 0 plugins.
Preloading 0 native plugins for Editor in 0.00 ms.
Unloading 2468 Unused Serialized files (Serialized files now loaded: 0)
System memory in use before: 113.7 MB.
System memory in use after: 113.9 MB.

Unloading 9 unused Assets to reduce memory usage. Loaded Objects now: 3023.
Total: 2.608800 ms (FindLiveObjects: 0.258200 ms CreateObjectMapping: 0.119800 ms MarkObjects: 2.153400 ms  DeleteObjects: 0.076200 ms)

========================================================================
Received Prepare
Registering precompiled user dll's ...
Registered in 0.002014 seconds.
Begin MonoManager ReloadAssembly
Native extension for WindowsStandalone target not found
Native extension for WebGL target not found
Refreshing native plugins compatible for Editor in 0.48 ms, found 0 plugins.
Preloading 0 native plugins for Editor in 0.00 ms.
Mono: successfully reloaded assembly
- Completed reload, in  1.167 seconds
Platform modules already initialized, skipping
Shader 'Universal Render Pipeline/Particles/Lit': fallback shader 'Universal Render Pipeline/Particles/SimpleLit' not found
Refreshing native plugins compatible for Editor in 0.49 ms, found 0 plugins.
Preloading 0 native plugins for Editor in 0.00 ms.
Unloading 2468 Unused Serialized files (Serialized files now loaded: 0)
System memory in use before: 113.8 MB.
System memory in use after: 114.0 MB.

Unloading 9 unused Assets to reduce memory usage. Loaded Objects now: 3026.
Total: 3.870300 ms (FindLiveObjects: 0.425400 ms CreateObjectMapping: 0.161100 ms MarkObjects: 3.189300 ms  DeleteObjects: 0.092700 ms)

========================================================================
Received Prepare
Registering precompiled user dll's ...
Registered in 0.002465 seconds.
Begin MonoManager ReloadAssembly
Native extension for WindowsStandalone target not found
Native extension for WebGL target not found
Refreshing native plugins compatible for Editor in 0.47 ms, found 0 plugins.
Preloading 0 native plugins for Editor in 0.00 ms.
Mono: successfully reloaded assembly
- Completed reload, in  1.127 seconds
Platform modules already initialized, skipping
Shader 'Universal Render Pipeline/Particles/Lit': fallback shader 'Universal Render Pipeline/Particles/SimpleLit' not found
Refreshing native plugins compatible for Editor in 0.50 ms, found 0 plugins.
Preloading 0 native plugins for Editor in 0.00 ms.
Unloading 2468 Unused Serialized files (Serialized files now loaded: 0)
System memory in use before: 113.8 MB.
System memory in use after: 114.0 MB.

Unloading 9 unused Assets to reduce memory usage. Loaded Objects now: 3029.
Total: 3.391500 ms (FindLiveObjects: 0.628000 ms CreateObjectMapping: 0.289900 ms MarkObjects: 2.305900 ms  DeleteObjects: 0.165900 ms)

========================================================================
Received Prepare
Registering precompiled user dll's ...
Registered in 0.002081 seconds.
Begin MonoManager ReloadAssembly
Native extension for WindowsStandalone target not found
Native extension for WebGL target not found
Refreshing native plugins compatible for Editor in 0.45 ms, found 0 plugins.
Preloading 0 native plugins for Editor in 0.00 ms.
Mono: successfully reloaded assembly
- Completed reload, in  1.101 seconds
Platform modules already initialized, skipping
Shader 'Universal Render Pipeline/Particles/Lit': fallback shader 'Universal Render Pipeline/Particles/SimpleLit' not found
Refreshing native plugins compatible for Editor in 0.45 ms, found 0 plugins.
Preloading 0 native plugins for Editor in 0.00 ms.
Unloading 2468 Unused Serialized files (Serialized files now loaded: 0)
System memory in use before: 113.8 MB.
System memory in use after: 114.0 MB.

Unloading 9 unused Assets to reduce memory usage. Loaded Objects now: 3032.
Total: 2.727300 ms (FindLiveObjects: 0.315500 ms CreateObjectMapping: 0.162300 ms MarkObjects: 2.168700 ms  DeleteObjects: 0.079600 ms)

========================================================================
Received Prepare
Registering precompiled user dll's ...
Registered in 0.001920 seconds.
Begin MonoManager ReloadAssembly
Native extension for WindowsStandalone target not found
Native extension for WebGL target not found
Refreshing native plugins compatible for Editor in 0.50 ms, found 0 plugins.
Preloading 0 native plugins for Editor in 0.00 ms.
Mono: successfully reloaded assembly
- Completed reload, in  1.121 seconds
Platform modules already initialized, skipping
Shader 'Universal Render Pipeline/Particles/Lit': fallback shader 'Universal Render Pipeline/Particles/SimpleLit' not found
Refreshing native plugins compatible for Editor in 0.46 ms, found 0 plugins.
Preloading 0 native plugins for Editor in 0.00 ms.
Unloading 2468 Unused Serialized files (Serialized files now loaded: 0)
System memory in use before: 113.7 MB.
System memory in use after: 113.9 MB.

Unloading 9 unused Assets to reduce memory usage. Loaded Objects now: 3035.
Total: 2.744700 ms (FindLiveObjects: 0.395600 ms CreateObjectMapping: 0.167900 ms MarkObjects: 2.105600 ms  DeleteObjects: 0.074100 ms)

========================================================================
Received Prepare
Registering precompiled user dll's ...
Registered in 0.002096 seconds.
Begin MonoManager ReloadAssembly
Native extension for WindowsStandalone target not found
Native extension for WebGL target not found
Refreshing native plugins compatible for Editor in 0.44 ms, found 0 plugins.
Preloading 0 native plugins for Editor in 0.00 ms.
Mono: successfully reloaded assembly
- Completed reload, in  1.114 seconds
Platform modules already initialized, skipping
Shader 'Universal Render Pipeline/Particles/Lit': fallback shader 'Universal Render Pipeline/Particles/SimpleLit' not found
Refreshing native plugins compatible for Editor in 0.51 ms, found 0 plugins.
Preloading 0 native plugins for Editor in 0.00 ms.
Unloading 2468 Unused Serialized files (Serialized files now loaded: 0)
System memory in use before: 113.8 MB.
System memory in use after: 114.0 MB.

Unloading 9 unused Assets to reduce memory usage. Loaded Objects now: 3038.
Total: 2.723800 ms (FindLiveObjects: 0.268200 ms CreateObjectMapping: 0.125500 ms MarkObjects: 2.248600 ms  DeleteObjects: 0.079800 ms)

========================================================================
Received Prepare
Registering precompiled user dll's ...
Registered in 0.006392 seconds.
Begin MonoManager ReloadAssembly
Native extension for WindowsStandalone target not found
Native extension for WebGL target not found
Refreshing native plugins compatible for Editor in 0.53 ms, found 0 plugins.
Preloading 0 native plugins for Editor in 0.00 ms.
Mono: successfully reloaded assembly
- Completed reload, in  1.631 seconds
Platform modules already initialized, skipping
Shader 'Universal Render Pipeline/Particles/Lit': fallback shader 'Universal Render Pipeline/Particles/SimpleLit' not found
Refreshing native plugins compatible for Editor in 0.54 ms, found 0 plugins.
Preloading 0 native plugins for Editor in 0.00 ms.
Unloading 2468 Unused Serialized files (Serialized files now loaded: 0)
System memory in use before: 113.8 MB.
System memory in use after: 114.0 MB.

Unloading 9 unused Assets to reduce memory usage. Loaded Objects now: 3041.
Total: 2.777200 ms (FindLiveObjects: 0.439100 ms CreateObjectMapping: 0.154000 ms MarkObjects: 2.114500 ms  DeleteObjects: 0.068300 ms)

========================================================================
Received Prepare
Registering precompiled user dll's ...
Registered in 0.002460 seconds.
Begin MonoManager ReloadAssembly
Native extension for WindowsStandalone target not found
Native extension for WebGL target not found
Refreshing native plugins compatible for Editor in 0.46 ms, found 0 plugins.
Preloading 0 native plugins for Editor in 0.00 ms.
Mono: successfully reloaded assembly
- Completed reload, in  1.232 seconds
Platform modules already initialized, skipping
Shader 'Universal Render Pipeline/Particles/Lit': fallback shader 'Universal Render Pipeline/Particles/SimpleLit' not found
Refreshing native plugins compatible for Editor in 0.44 ms, found 0 plugins.
Preloading 0 native plugins for Editor in 0.00 ms.
Unloading 2468 Unused Serialized files (Serialized files now loaded: 0)
System memory in use before: 113.8 MB.
System memory in use after: 114.0 MB.

Unloading 9 unused Assets to reduce memory usage. Loaded Objects now: 3044.
Total: 2.350500 ms (FindLiveObjects: 0.345900 ms CreateObjectMapping: 0.149300 ms MarkObjects: 1.788600 ms  DeleteObjects: 0.065500 ms)

========================================================================
Received Prepare
Registering precompiled user dll's ...
Registered in 0.001759 seconds.
Begin MonoManager ReloadAssembly
Native extension for WindowsStandalone target not found
Native extension for WebGL target not found
Refreshing native plugins compatible for Editor in 0.63 ms, found 0 plugins.
Preloading 0 native plugins for Editor in 0.00 ms.
Mono: successfully reloaded assembly
- Completed reload, in  1.112 seconds
Platform modules already initialized, skipping
Shader 'Universal Render Pipeline/Particles/Lit': fallback shader 'Universal Render Pipeline/Particles/SimpleLit' not found
Refreshing native plugins compatible for Editor in 0.47 ms, found 0 plugins.
Preloading 0 native plugins for Editor in 0.00 ms.
Unloading 2468 Unused Serialized files (Serialized files now loaded: 0)
System memory in use before: 113.8 MB.
System memory in use after: 114.0 MB.

Unloading 9 unused Assets to reduce memory usage. Loaded Objects now: 3047.
Total: 3.507100 ms (FindLiveObjects: 0.319800 ms CreateObjectMapping: 0.188900 ms MarkObjects: 2.895400 ms  DeleteObjects: 0.101600 ms)

========================================================================
Received Prepare
Registering precompiled user dll's ...
Registered in 0.004209 seconds.
Begin MonoManager ReloadAssembly
Native extension for WindowsStandalone target not found
Native extension for WebGL target not found
Refreshing native plugins compatible for Editor in 0.92 ms, found 0 plugins.
Preloading 0 native plugins for Editor in 0.00 ms.
Mono: successfully reloaded assembly
- Completed reload, in  1.652 seconds
Platform modules already initialized, skipping
Shader 'Universal Render Pipeline/Particles/Lit': fallback shader 'Universal Render Pipeline/Particles/SimpleLit' not found
Refreshing native plugins compatible for Editor in 0.44 ms, found 0 plugins.
Preloading 0 native plugins for Editor in 0.00 ms.
Unloading 2468 Unused Serialized files (Serialized files now loaded: 0)
System memory in use before: 113.8 MB.
System memory in use after: 114.0 MB.

Unloading 9 unused Assets to reduce memory usage. Loaded Objects now: 3050.
Total: 2.784800 ms (FindLiveObjects: 0.353500 ms CreateObjectMapping: 0.134900 ms MarkObjects: 2.212100 ms  DeleteObjects: 0.082400 ms)

========================================================================
Received Prepare
Registering precompiled user dll's ...
Registered in 0.001773 seconds.
Begin MonoManager ReloadAssembly
Native extension for WindowsStandalone target not found
Native extension for WebGL target not found
Refreshing native plugins compatible for Editor in 0.44 ms, found 0 plugins.
Preloading 0 native plugins for Editor in 0.00 ms.
Mono: successfully reloaded assembly
- Completed reload, in  1.112 seconds
Platform modules already initialized, skipping
Shader 'Universal Render Pipeline/Particles/Lit': fallback shader 'Universal Render Pipeline/Particles/SimpleLit' not found
Refreshing native plugins compatible for Editor in 0.54 ms, found 0 plugins.
Preloading 0 native plugins for Editor in 0.00 ms.
Unloading 2468 Unused Serialized files (Serialized files now loaded: 0)
System memory in use before: 113.9 MB.
System memory in use after: 114.1 MB.

Unloading 9 unused Assets to reduce memory usage. Loaded Objects now: 3053.
Total: 2.350200 ms (FindLiveObjects: 0.262100 ms CreateObjectMapping: 0.125500 ms MarkObjects: 1.889900 ms  DeleteObjects: 0.071400 ms)

========================================================================
Received Prepare
Registering precompiled user dll's ...
Registered in 0.002113 seconds.
Begin MonoManager ReloadAssembly
Native extension for WindowsStandalone target not found
Native extension for WebGL target not found
Refreshing native plugins compatible for Editor in 0.46 ms, found 0 plugins.
Preloading 0 native plugins for Editor in 0.00 ms.
Mono: successfully reloaded assembly
- Completed reload, in  1.142 seconds
Platform modules already initialized, skipping
Shader 'Universal Render Pipeline/Particles/Lit': fallback shader 'Universal Render Pipeline/Particles/SimpleLit' not found
Refreshing native plugins compatible for Editor in 0.45 ms, found 0 plugins.
Preloading 0 native plugins for Editor in 0.00 ms.
Unloading 2468 Unused Serialized files (Serialized files now loaded: 0)
System memory in use before: 113.9 MB.
System memory in use after: 114.1 MB.

Unloading 9 unused Assets to reduce memory usage. Loaded Objects now: 3056.
Total: 3.726200 ms (FindLiveObjects: 0.295500 ms CreateObjectMapping: 0.172000 ms MarkObjects: 3.176300 ms  DeleteObjects: 0.081000 ms)

========================================================================
Received Prepare
Registering precompiled user dll's ...
Registered in 0.002767 seconds.
Begin MonoManager ReloadAssembly
Native extension for WindowsStandalone target not found
Native extension for WebGL target not found
Refreshing native plugins compatible for Editor in 0.48 ms, found 0 plugins.
Preloading 0 native plugins for Editor in 0.00 ms.
Mono: successfully reloaded assembly
- Completed reload, in  1.147 seconds
Platform modules already initialized, skipping
Shader 'Universal Render Pipeline/Particles/Lit': fallback shader 'Universal Render Pipeline/Particles/SimpleLit' not found
Refreshing native plugins compatible for Editor in 0.50 ms, found 0 plugins.
Preloading 0 native plugins for Editor in 0.00 ms.
Unloading 2468 Unused Serialized files (Serialized files now loaded: 0)
System memory in use before: 113.9 MB.
System memory in use after: 114.1 MB.

Unloading 9 unused Assets to reduce memory usage. Loaded Objects now: 3059.
Total: 2.528100 ms (FindLiveObjects: 0.265500 ms CreateObjectMapping: 0.120600 ms MarkObjects: 2.056700 ms  DeleteObjects: 0.084200 ms)

========================================================================
Received Prepare
Registering precompiled user dll's ...
Registered in 0.001861 seconds.
Begin MonoManager ReloadAssembly
Native extension for WindowsStandalone target not found
Native extension for WebGL target not found
Refreshing native plugins compatible for Editor in 0.60 ms, found 0 plugins.
Preloading 0 native plugins for Editor in 0.00 ms.
Mono: successfully reloaded assembly
- Completed reload, in  1.142 seconds
Platform modules already initialized, skipping
Shader 'Universal Render Pipeline/Particles/Lit': fallback shader 'Universal Render Pipeline/Particles/SimpleLit' not found
Refreshing native plugins compatible for Editor in 0.44 ms, found 0 plugins.
Preloading 0 native plugins for Editor in 0.00 ms.
Unloading 2468 Unused Serialized files (Serialized files now loaded: 0)
System memory in use before: 113.9 MB.
System memory in use after: 114.1 MB.

Unloading 9 unused Assets to reduce memory usage. Loaded Objects now: 3062.
Total: 3.657300 ms (FindLiveObjects: 0.517000 ms CreateObjectMapping: 0.306100 ms MarkObjects: 2.716900 ms  DeleteObjects: 0.112600 ms)

========================================================================
Received Prepare
Registering precompiled user dll's ...
Registered in 0.002318 seconds.
Begin MonoManager ReloadAssembly
Native extension for WindowsStandalone target not found
Native extension for WebGL target not found
Refreshing native plugins compatible for Editor in 0.46 ms, found 0 plugins.
Preloading 0 native plugins for Editor in 0.00 ms.
Mono: successfully reloaded assembly
- Completed reload, in  1.113 seconds
Platform modules already initialized, skipping
Shader 'Universal Render Pipeline/Particles/Lit': fallback shader 'Universal Render Pipeline/Particles/SimpleLit' not found
Refreshing native plugins compatible for Editor in 0.47 ms, found 0 plugins.
Preloading 0 native plugins for Editor in 0.00 ms.
Unloading 2468 Unused Serialized files (Serialized files now loaded: 0)
System memory in use before: 113.8 MB.
System memory in use after: 114.0 MB.

Unloading 9 unused Assets to reduce memory usage. Loaded Objects now: 3065.
Total: 4.839300 ms (FindLiveObjects: 0.512700 ms CreateObjectMapping: 0.692600 ms MarkObjects: 3.540300 ms  DeleteObjects: 0.091700 ms)

========================================================================
Received Prepare
Registering precompiled user dll's ...
Registered in 0.001974 seconds.
Begin MonoManager ReloadAssembly
Native extension for WindowsStandalone target not found
Native extension for WebGL target not found
Refreshing native plugins compatible for Editor in 0.53 ms, found 0 plugins.
Preloading 0 native plugins for Editor in 0.00 ms.
Mono: successfully reloaded assembly
- Completed reload, in  1.107 seconds
Platform modules already initialized, skipping
Shader 'Universal Render Pipeline/Particles/Lit': fallback shader 'Universal Render Pipeline/Particles/SimpleLit' not found
Refreshing native plugins compatible for Editor in 0.73 ms, found 0 plugins.
Preloading 0 native plugins for Editor in 0.00 ms.
Unloading 2468 Unused Serialized files (Serialized files now loaded: 0)
System memory in use before: 113.9 MB.
System memory in use after: 114.1 MB.

Unloading 9 unused Assets to reduce memory usage. Loaded Objects now: 3068.
Total: 2.448700 ms (FindLiveObjects: 0.311500 ms CreateObjectMapping: 0.125700 ms MarkObjects: 1.935800 ms  DeleteObjects: 0.074500 ms)

========================================================================
Received Prepare
Registering precompiled user dll's ...
Registered in 0.002373 seconds.
Begin MonoManager ReloadAssembly
Native extension for WindowsStandalone target not found
Native extension for WebGL target not found
Refreshing native plugins compatible for Editor in 0.44 ms, found 0 plugins.
Preloading 0 native plugins for Editor in 0.00 ms.
Mono: successfully reloaded assembly
- Completed reload, in  0.977 seconds
Platform modules already initialized, skipping
Shader 'Universal Render Pipeline/Particles/Lit': fallback shader 'Universal Render Pipeline/Particles/SimpleLit' not found
Refreshing native plugins compatible for Editor in 0.45 ms, found 0 plugins.
Preloading 0 native plugins for Editor in 0.00 ms.
Unloading 2468 Unused Serialized files (Serialized files now loaded: 0)
System memory in use before: 113.9 MB.
System memory in use after: 114.1 MB.

Unloading 9 unused Assets to reduce memory usage. Loaded Objects now: 3071.
Total: 2.438400 ms (FindLiveObjects: 0.268600 ms CreateObjectMapping: 0.127900 ms MarkObjects: 1.971100 ms  DeleteObjects: 0.069600 ms)

========================================================================
Received Import Request.
  Time since last request: 3234.224031 seconds.
  path: ProjectSettings/TagManager.asset
  artifactKey: Guid(00000000000000003000000000000000) Importer(815301076,1909f56bfc062723c751e8b465ee728b)
Start importing ProjectSettings/TagManager.asset using Guid(00000000000000003000000000000000) Importer(815301076,1909f56bfc062723c751e8b465ee728b)  -> (artifact id: '1bfff41efa3e0cd24fbc84488fbca16e') in 0.030550 seconds
  Import took 0.037126 seconds .

========================================================================
Received Import Request.
  Time since last request: 0.001282 seconds.
  path: ProjectSettings/TagManager.asset
  artifactKey: Guid(00000000000000003000000000000000) Importer(815301076,1909f56bfc062723c751e8b465ee728b)
Start importing ProjectSettings/TagManager.asset using Guid(00000000000000003000000000000000) Importer(815301076,1909f56bfc062723c751e8b465ee728b)  -> (artifact id: '1bfff41efa3e0cd24fbc84488fbca16e') in 0.003797 seconds
  Import took 0.009435 seconds .

========================================================================
Received Prepare
Registering precompiled user dll's ...
Registered in 0.002583 seconds.
Begin MonoManager ReloadAssembly
Native extension for WindowsStandalone target not found
Native extension for WebGL target not found
Refreshing native plugins compatible for Editor in 0.53 ms, found 0 plugins.
Preloading 0 native plugins for Editor in 0.00 ms.
Mono: successfully reloaded assembly
- Completed reload, in  1.066 seconds
Platform modules already initialized, skipping
Shader 'Universal Render Pipeline/Particles/Lit': fallback shader 'Universal Render Pipeline/Particles/SimpleLit' not found
Refreshing native plugins compatible for Editor in 0.46 ms, found 0 plugins.
Preloading 0 native plugins for Editor in 0.00 ms.
Unloading 2468 Unused Serialized files (Serialized files now loaded: 0)
System memory in use before: 113.9 MB.
System memory in use after: 114.1 MB.

Unloading 11 unused Assets to reduce memory usage. Loaded Objects now: 3074.
Total: 3.409800 ms (FindLiveObjects: 0.448900 ms CreateObjectMapping: 0.262700 ms MarkObjects: 2.619700 ms  DeleteObjects: 0.076800 ms)

========================================================================
Received Prepare
Registering precompiled user dll's ...
Registered in 0.002026 seconds.
Begin MonoManager ReloadAssembly
Native extension for WindowsStandalone target not found
Native extension for WebGL target not found
Refreshing native plugins compatible for Editor in 0.44 ms, found 0 plugins.
Preloading 0 native plugins for Editor in 0.00 ms.
Mono: successfully reloaded assembly
- Completed reload, in  1.112 seconds
Platform modules already initialized, skipping
Shader 'Universal Render Pipeline/Particles/Lit': fallback shader 'Universal Render Pipeline/Particles/SimpleLit' not found
Refreshing native plugins compatible for Editor in 0.50 ms, found 0 plugins.
Preloading 0 native plugins for Editor in 0.00 ms.
Unloading 2468 Unused Serialized files (Serialized files now loaded: 0)
System memory in use before: 113.9 MB.
System memory in use after: 114.1 MB.

Unloading 9 unused Assets to reduce memory usage. Loaded Objects now: 3077.
Total: 3.194000 ms (FindLiveObjects: 0.478400 ms CreateObjectMapping: 0.239900 ms MarkObjects: 2.402300 ms  DeleteObjects: 0.072400 ms)

========================================================================
Received Prepare
Registering precompiled user dll's ...
Registered in 0.001835 seconds.
Begin MonoManager ReloadAssembly
Native extension for WindowsStandalone target not found
Native extension for WebGL target not found
Refreshing native plugins compatible for Editor in 0.50 ms, found 0 plugins.
Preloading 0 native plugins for Editor in 0.00 ms.
Mono: successfully reloaded assembly
- Completed reload, in  1.118 seconds
Platform modules already initialized, skipping
Shader 'Universal Render Pipeline/Particles/Lit': fallback shader 'Universal Render Pipeline/Particles/SimpleLit' not found
Refreshing native plugins compatible for Editor in 0.47 ms, found 0 plugins.
Preloading 0 native plugins for Editor in 0.00 ms.
Unloading 2468 Unused Serialized files (Serialized files now loaded: 0)
System memory in use before: 113.8 MB.
System memory in use after: 114.0 MB.

Unloading 9 unused Assets to reduce memory usage. Loaded Objects now: 3080.
Total: 2.709800 ms (FindLiveObjects: 0.305900 ms CreateObjectMapping: 0.148300 ms MarkObjects: 2.179000 ms  DeleteObjects: 0.075000 ms)

========================================================================
Received Prepare
Registering precompiled user dll's ...
Registered in 0.001786 seconds.
Begin MonoManager ReloadAssembly
Native extension for WindowsStandalone target not found
Native extension for WebGL target not found
Refreshing native plugins compatible for Editor in 0.45 ms, found 0 plugins.
Preloading 0 native plugins for Editor in 0.00 ms.
Mono: successfully reloaded assembly
- Completed reload, in  1.106 seconds
Platform modules already initialized, skipping
Shader 'Universal Render Pipeline/Particles/Lit': fallback shader 'Universal Render Pipeline/Particles/SimpleLit' not found
Refreshing native plugins compatible for Editor in 0.71 ms, found 0 plugins.
Preloading 0 native plugins for Editor in 0.00 ms.
Unloading 2468 Unused Serialized files (Serialized files now loaded: 0)
System memory in use before: 113.9 MB.
System memory in use after: 114.1 MB.

Unloading 9 unused Assets to reduce memory usage. Loaded Objects now: 3083.
Total: 2.615700 ms (FindLiveObjects: 0.279400 ms CreateObjectMapping: 0.135100 ms MarkObjects: 2.122300 ms  DeleteObjects: 0.077500 ms)

========================================================================
Received Prepare
Registering precompiled user dll's ...
Registered in 0.001810 seconds.
Begin MonoManager ReloadAssembly
Native extension for WindowsStandalone target not found
Native extension for WebGL target not found
Refreshing native plugins compatible for Editor in 0.50 ms, found 0 plugins.
Preloading 0 native plugins for Editor in 0.00 ms.
Mono: successfully reloaded assembly
- Completed reload, in  1.035 seconds
Platform modules already initialized, skipping
Shader 'Universal Render Pipeline/Particles/Lit': fallback shader 'Universal Render Pipeline/Particles/SimpleLit' not found
Refreshing native plugins compatible for Editor in 0.52 ms, found 0 plugins.
Preloading 0 native plugins for Editor in 0.00 ms.
Unloading 2468 Unused Serialized files (Serialized files now loaded: 0)
System memory in use before: 113.9 MB.
System memory in use after: 114.1 MB.

Unloading 9 unused Assets to reduce memory usage. Loaded Objects now: 3086.
Total: 2.787900 ms (FindLiveObjects: 0.302500 ms CreateObjectMapping: 0.136800 ms MarkObjects: 2.266000 ms  DeleteObjects: 0.081200 ms)

========================================================================
Received Prepare
Registering precompiled user dll's ...
Registered in 0.001847 seconds.
Begin MonoManager ReloadAssembly
Native extension for WindowsStandalone target not found
Native extension for WebGL target not found
Refreshing native plugins compatible for Editor in 0.44 ms, found 0 plugins.
Preloading 0 native plugins for Editor in 0.00 ms.
Mono: successfully reloaded assembly
- Completed reload, in  1.111 seconds
Platform modules already initialized, skipping
Shader 'Universal Render Pipeline/Particles/Lit': fallback shader 'Universal Render Pipeline/Particles/SimpleLit' not found
Refreshing native plugins compatible for Editor in 0.50 ms, found 0 plugins.
Preloading 0 native plugins for Editor in 0.00 ms.
Unloading 2468 Unused Serialized files (Serialized files now loaded: 0)
System memory in use before: 114.0 MB.
System memory in use after: 114.1 MB.

Unloading 9 unused Assets to reduce memory usage. Loaded Objects now: 3089.
Total: 2.489300 ms (FindLiveObjects: 0.283200 ms CreateObjectMapping: 0.129600 ms MarkObjects: 2.005500 ms  DeleteObjects: 0.069600 ms)

========================================================================
Received Import Request.
  Time since last request: 1039.102753 seconds.
  path: Assets/GameDevHQ/FileBase/Projects/Tutorials/Starter_Files/2_5D_Certification_Starter/Scripts/LadderTopEnterCollider.cs
  artifactKey: Guid(ae566cf73d68d284fb0e89ec8c80ecfc) Importer(815301076,1909f56bfc062723c751e8b465ee728b)
Start importing Assets/GameDevHQ/FileBase/Projects/Tutorials/Starter_Files/2_5D_Certification_Starter/Scripts/LadderTopEnterCollider.cs using Guid(ae566cf73d68d284fb0e89ec8c80ecfc) Importer(815301076,1909f56bfc062723c751e8b465ee728b)  -> (artifact id: '34f90128245c598d6fa08a516f548fb3') in 0.015112 seconds
  Import took 0.022955 seconds .

========================================================================
Received Prepare
Registering precompiled user dll's ...
Registered in 0.001877 seconds.
Begin MonoManager ReloadAssembly
Native extension for WindowsStandalone target not found
Native extension for WebGL target not found
Refreshing native plugins compatible for Editor in 0.46 ms, found 0 plugins.
Preloading 0 native plugins for Editor in 0.00 ms.
Mono: successfully reloaded assembly
- Completed reload, in  1.317 seconds
Platform modules already initialized, skipping
Shader 'Universal Render Pipeline/Particles/Lit': fallback shader 'Universal Render Pipeline/Particles/SimpleLit' not found
Refreshing native plugins compatible for Editor in 0.62 ms, found 0 plugins.
Preloading 0 native plugins for Editor in 0.00 ms.
Unloading 2469 Unused Serialized files (Serialized files now loaded: 0)
System memory in use before: 114.0 MB.
System memory in use after: 114.2 MB.

Unloading 9 unused Assets to reduce memory usage. Loaded Objects now: 3093.
Total: 2.854500 ms (FindLiveObjects: 0.284100 ms CreateObjectMapping: 0.131600 ms MarkObjects: 2.364400 ms  DeleteObjects: 0.072900 ms)

========================================================================
Received Import Request.
  Time since last request: 16.124640 seconds.
  path: Assets/GameDevHQ/FileBase/Projects/Tutorials/Starter_Files/2_5D_Certification_Starter/Scripts/LadderBottomExitCollider.cs
  artifactKey: Guid(7e9687fdf98faf9418def78aaf1eb895) Importer(815301076,1909f56bfc062723c751e8b465ee728b)
Start importing Assets/GameDevHQ/FileBase/Projects/Tutorials/Starter_Files/2_5D_Certification_Starter/Scripts/LadderBottomExitCollider.cs using Guid(7e9687fdf98faf9418def78aaf1eb895) Importer(815301076,1909f56bfc062723c751e8b465ee728b)  -> (artifact id: 'f32470fbadbfcf329416d78bb98c2583') in 0.015228 seconds
  Import took 0.024056 seconds .

========================================================================
Received Prepare
Registering precompiled user dll's ...
Registered in 0.002181 seconds.
Begin MonoManager ReloadAssembly
Native extension for WindowsStandalone target not found
Native extension for WebGL target not found
Refreshing native plugins compatible for Editor in 0.59 ms, found 0 plugins.
Preloading 0 native plugins for Editor in 0.00 ms.
Mono: successfully reloaded assembly
- Completed reload, in  1.160 seconds
Platform modules already initialized, skipping
Shader 'Universal Render Pipeline/Particles/Lit': fallback shader 'Universal Render Pipeline/Particles/SimpleLit' not found
Refreshing native plugins compatible for Editor in 0.62 ms, found 0 plugins.
Preloading 0 native plugins for Editor in 0.00 ms.
Unloading 2470 Unused Serialized files (Serialized files now loaded: 0)
System memory in use before: 114.0 MB.
System memory in use after: 114.2 MB.

Unloading 9 unused Assets to reduce memory usage. Loaded Objects now: 3097.
Total: 2.908100 ms (FindLiveObjects: 0.264400 ms CreateObjectMapping: 0.126500 ms MarkObjects: 2.446700 ms  DeleteObjects: 0.069200 ms)

========================================================================
Received Prepare
Registering precompiled user dll's ...
Registered in 0.001870 seconds.
Begin MonoManager ReloadAssembly
Native extension for WindowsStandalone target not found
Native extension for WebGL target not found
Refreshing native plugins compatible for Editor in 0.48 ms, found 0 plugins.
Preloading 0 native plugins for Editor in 0.00 ms.
Mono: successfully reloaded assembly
- Completed reload, in  1.066 seconds
Platform modules already initialized, skipping
Shader 'Universal Render Pipeline/Particles/Lit': fallback shader 'Universal Render Pipeline/Particles/SimpleLit' not found
Refreshing native plugins compatible for Editor in 0.48 ms, found 0 plugins.
Preloading 0 native plugins for Editor in 0.00 ms.
Unloading 2470 Unused Serialized files (Serialized files now loaded: 0)
System memory in use before: 114.0 MB.
System memory in use after: 114.2 MB.

Unloading 9 unused Assets to reduce memory usage. Loaded Objects now: 3100.
Total: 2.844100 ms (FindLiveObjects: 0.321600 ms CreateObjectMapping: 0.127700 ms MarkObjects: 2.305700 ms  DeleteObjects: 0.087600 ms)

========================================================================
Received Import Request.
  Time since last request: 202.834090 seconds.
  path: Assets/GameDevHQ/FileBase/Projects/Tutorials/Starter_Files/2_5D_Certification_Starter/Scripts/LadderBottomExitCollider.cs
  artifactKey: Guid(7e9687fdf98faf9418def78aaf1eb895) Importer(815301076,1909f56bfc062723c751e8b465ee728b)
Start importing Assets/GameDevHQ/FileBase/Projects/Tutorials/Starter_Files/2_5D_Certification_Starter/Scripts/LadderBottomExitCollider.cs using Guid(7e9687fdf98faf9418def78aaf1eb895) Importer(815301076,1909f56bfc062723c751e8b465ee728b)  -> (artifact id: 'cd7941ff73646fec20471479c0503c49') in 0.005959 seconds
  Import took 0.010893 seconds .

========================================================================
Received Import Request.
  Time since last request: 0.910027 seconds.
  path: Assets/GameDevHQ/FileBase/Projects/Tutorials/Starter_Files/2_5D_Certification_Starter/Scripts/LadderBottomExitCollider.cs
  artifactKey: Guid(7e9687fdf98faf9418def78aaf1eb895) Importer(815301076,1909f56bfc062723c751e8b465ee728b)
Start importing Assets/GameDevHQ/FileBase/Projects/Tutorials/Starter_Files/2_5D_Certification_Starter/Scripts/LadderBottomExitCollider.cs using Guid(7e9687fdf98faf9418def78aaf1eb895) Importer(815301076,1909f56bfc062723c751e8b465ee728b)  -> (artifact id: 'cd7941ff73646fec20471479c0503c49') in 0.002358 seconds
  Import took 0.006876 seconds .

========================================================================
Received Prepare
Registering precompiled user dll's ...
Registered in 0.001982 seconds.
Begin MonoManager ReloadAssembly
Native extension for WindowsStandalone target not found
Native extension for WebGL target not found
Refreshing native plugins compatible for Editor in 0.78 ms, found 0 plugins.
Preloading 0 native plugins for Editor in 0.00 ms.
Mono: successfully reloaded assembly
- Completed reload, in  1.128 seconds
Platform modules already initialized, skipping
Shader 'Universal Render Pipeline/Particles/Lit': fallback shader 'Universal Render Pipeline/Particles/SimpleLit' not found
Refreshing native plugins compatible for Editor in 0.46 ms, found 0 plugins.
Preloading 0 native plugins for Editor in 0.00 ms.
Unloading 2470 Unused Serialized files (Serialized files now loaded: 0)
System memory in use before: 114.0 MB.
System memory in use after: 114.2 MB.

Unloading 9 unused Assets to reduce memory usage. Loaded Objects now: 3103.
Total: 2.629200 ms (FindLiveObjects: 0.289900 ms CreateObjectMapping: 0.127000 ms MarkObjects: 2.145800 ms  DeleteObjects: 0.064800 ms)

========================================================================
Received Import Request.
  Time since last request: 65.220824 seconds.
  path: Assets/GameDevHQ/FileBase/Projects/Tutorials/Starter_Files/2_5D_Certification_Starter/Scripts/LadderBottomExitCollider.cs
  artifactKey: Guid(7e9687fdf98faf9418def78aaf1eb895) Importer(815301076,1909f56bfc062723c751e8b465ee728b)
Start importing Assets/GameDevHQ/FileBase/Projects/Tutorials/Starter_Files/2_5D_Certification_Starter/Scripts/LadderBottomExitCollider.cs using Guid(7e9687fdf98faf9418def78aaf1eb895) Importer(815301076,1909f56bfc062723c751e8b465ee728b)  -> (artifact id: 'cee8984e2881f819c9e66030b707d42c') in 0.005072 seconds
  Import took 0.009890 seconds .

========================================================================
Received Prepare
Registering precompiled user dll's ...
Registered in 0.001831 seconds.
Begin MonoManager ReloadAssembly
Native extension for WindowsStandalone target not found
Native extension for WebGL target not found
Refreshing native plugins compatible for Editor in 0.47 ms, found 0 plugins.
Preloading 0 native plugins for Editor in 0.00 ms.
Mono: successfully reloaded assembly
- Completed reload, in  1.048 seconds
Platform modules already initialized, skipping
Shader 'Universal Render Pipeline/Particles/Lit': fallback shader 'Universal Render Pipeline/Particles/SimpleLit' not found
Refreshing native plugins compatible for Editor in 0.45 ms, found 0 plugins.
Preloading 0 native plugins for Editor in 0.00 ms.
Unloading 2470 Unused Serialized files (Serialized files now loaded: 0)
System memory in use before: 113.9 MB.
System memory in use after: 114.1 MB.

Unloading 9 unused Assets to reduce memory usage. Loaded Objects now: 3106.
Total: 2.961500 ms (FindLiveObjects: 0.342700 ms CreateObjectMapping: 0.154300 ms MarkObjects: 2.392600 ms  DeleteObjects: 0.070600 ms)

========================================================================
Received Prepare
Registering precompiled user dll's ...
Registered in 0.003556 seconds.
Begin MonoManager ReloadAssembly
Native extension for WindowsStandalone target not found
Native extension for WebGL target not found
Refreshing native plugins compatible for Editor in 0.47 ms, found 0 plugins.
Preloading 0 native plugins for Editor in 0.00 ms.
Mono: successfully reloaded assembly
- Completed reload, in  1.090 seconds
Platform modules already initialized, skipping
Shader 'Universal Render Pipeline/Particles/Lit': fallback shader 'Universal Render Pipeline/Particles/SimpleLit' not found
Refreshing native plugins compatible for Editor in 0.52 ms, found 0 plugins.
Preloading 0 native plugins for Editor in 0.00 ms.
Unloading 2470 Unused Serialized files (Serialized files now loaded: 0)
System memory in use before: 114.0 MB.
System memory in use after: 114.2 MB.

Unloading 9 unused Assets to reduce memory usage. Loaded Objects now: 3109.
Total: 2.885300 ms (FindLiveObjects: 0.320600 ms CreateObjectMapping: 0.161800 ms MarkObjects: 2.312200 ms  DeleteObjects: 0.088300 ms)

========================================================================
Received Prepare
Registering precompiled user dll's ...
Registered in 0.002028 seconds.
Begin MonoManager ReloadAssembly
Native extension for WindowsStandalone target not found
Native extension for WebGL target not found
Refreshing native plugins compatible for Editor in 0.44 ms, found 0 plugins.
Preloading 0 native plugins for Editor in 0.00 ms.
Mono: successfully reloaded assembly
- Completed reload, in  0.994 seconds
Platform modules already initialized, skipping
Shader 'Universal Render Pipeline/Particles/Lit': fallback shader 'Universal Render Pipeline/Particles/SimpleLit' not found
Refreshing native plugins compatible for Editor in 0.46 ms, found 0 plugins.
Preloading 0 native plugins for Editor in 0.00 ms.
Unloading 2470 Unused Serialized files (Serialized files now loaded: 0)
System memory in use before: 114.0 MB.
System memory in use after: 114.2 MB.

Unloading 9 unused Assets to reduce memory usage. Loaded Objects now: 3112.
Total: 2.655600 ms (FindLiveObjects: 0.279100 ms CreateObjectMapping: 0.118900 ms MarkObjects: 2.185900 ms  DeleteObjects: 0.070300 ms)

========================================================================
Received Prepare
Registering precompiled user dll's ...
Registered in 0.002675 seconds.
Begin MonoManager ReloadAssembly
Native extension for WindowsStandalone target not found
Native extension for WebGL target not found
Refreshing native plugins compatible for Editor in 0.45 ms, found 0 plugins.
Preloading 0 native plugins for Editor in 0.00 ms.
Mono: successfully reloaded assembly
- Completed reload, in  1.058 seconds
Platform modules already initialized, skipping
Shader 'Universal Render Pipeline/Particles/Lit': fallback shader 'Universal Render Pipeline/Particles/SimpleLit' not found
Refreshing native plugins compatible for Editor in 0.51 ms, found 0 plugins.
Preloading 0 native plugins for Editor in 0.00 ms.
Unloading 2470 Unused Serialized files (Serialized files now loaded: 0)
System memory in use before: 114.0 MB.
System memory in use after: 114.2 MB.

Unloading 9 unused Assets to reduce memory usage. Loaded Objects now: 3115.
Total: 2.789100 ms (FindLiveObjects: 0.294000 ms CreateObjectMapping: 0.135200 ms MarkObjects: 2.277200 ms  DeleteObjects: 0.081200 ms)

========================================================================
Received Prepare
Registering precompiled user dll's ...
Registered in 0.003086 seconds.
Begin MonoManager ReloadAssembly
Native extension for WindowsStandalone target not found
Native extension for WebGL target not found
Refreshing native plugins compatible for Editor in 0.47 ms, found 0 plugins.
Preloading 0 native plugins for Editor in 0.00 ms.
Mono: successfully reloaded assembly
- Completed reload, in  1.046 seconds
Platform modules already initialized, skipping
Shader 'Universal Render Pipeline/Particles/Lit': fallback shader 'Universal Render Pipeline/Particles/SimpleLit' not found
Refreshing native plugins compatible for Editor in 0.50 ms, found 0 plugins.
Preloading 0 native plugins for Editor in 0.00 ms.
Unloading 2470 Unused Serialized files (Serialized files now loaded: 0)
System memory in use before: 114.1 MB.
System memory in use after: 114.2 MB.

Unloading 9 unused Assets to reduce memory usage. Loaded Objects now: 3118.
Total: 3.159000 ms (FindLiveObjects: 0.334100 ms CreateObjectMapping: 0.151700 ms MarkObjects: 2.580900 ms  DeleteObjects: 0.090700 ms)

========================================================================
Received Prepare
Registering precompiled user dll's ...
Registered in 0.002616 seconds.
Begin MonoManager ReloadAssembly
Native extension for WindowsStandalone target not found
Native extension for WebGL target not found
Refreshing native plugins compatible for Editor in 0.47 ms, found 0 plugins.
Preloading 0 native plugins for Editor in 0.00 ms.
Mono: successfully reloaded assembly
- Completed reload, in  1.076 seconds
Platform modules already initialized, skipping
Shader 'Universal Render Pipeline/Particles/Lit': fallback shader 'Universal Render Pipeline/Particles/SimpleLit' not found
Refreshing native plugins compatible for Editor in 0.49 ms, found 0 plugins.
Preloading 0 native plugins for Editor in 0.00 ms.
Unloading 2470 Unused Serialized files (Serialized files now loaded: 0)
System memory in use before: 114.0 MB.
System memory in use after: 114.2 MB.

Unloading 9 unused Assets to reduce memory usage. Loaded Objects now: 3121.
Total: 2.935700 ms (FindLiveObjects: 0.300100 ms CreateObjectMapping: 0.132900 ms MarkObjects: 2.404600 ms  DeleteObjects: 0.096800 ms)

========================================================================
Received Prepare
Registering precompiled user dll's ...
Registered in 0.001862 seconds.
Begin MonoManager ReloadAssembly
Native extension for WindowsStandalone target not found
Native extension for WebGL target not found
Refreshing native plugins compatible for Editor in 0.47 ms, found 0 plugins.
Preloading 0 native plugins for Editor in 0.00 ms.
Mono: successfully reloaded assembly
- Completed reload, in  1.097 seconds
Platform modules already initialized, skipping
Shader 'Universal Render Pipeline/Particles/Lit': fallback shader 'Universal Render Pipeline/Particles/SimpleLit' not found
Refreshing native plugins compatible for Editor in 0.47 ms, found 0 plugins.
Preloading 0 native plugins for Editor in 0.00 ms.
Unloading 2470 Unused Serialized files (Serialized files now loaded: 0)
System memory in use before: 114.1 MB.
System memory in use after: 114.3 MB.

Unloading 9 unused Assets to reduce memory usage. Loaded Objects now: 3124.
Total: 2.968900 ms (FindLiveObjects: 0.298300 ms CreateObjectMapping: 0.143600 ms MarkObjects: 2.450600 ms  DeleteObjects: 0.074700 ms)

========================================================================
Received Prepare
Registering precompiled user dll's ...
Registered in 0.003132 seconds.
Begin MonoManager ReloadAssembly
Native extension for WindowsStandalone target not found
Native extension for WebGL target not found
Refreshing native plugins compatible for Editor in 0.45 ms, found 0 plugins.
Preloading 0 native plugins for Editor in 0.00 ms.
Mono: successfully reloaded assembly
- Completed reload, in  1.079 seconds
Platform modules already initialized, skipping
Shader 'Universal Render Pipeline/Particles/Lit': fallback shader 'Universal Render Pipeline/Particles/SimpleLit' not found
Refreshing native plugins compatible for Editor in 0.49 ms, found 0 plugins.
Preloading 0 native plugins for Editor in 0.00 ms.
Unloading 2470 Unused Serialized files (Serialized files now loaded: 0)
System memory in use before: 114.1 MB.
System memory in use after: 114.3 MB.

Unloading 9 unused Assets to reduce memory usage. Loaded Objects now: 3127.
Total: 3.010700 ms (FindLiveObjects: 0.310300 ms CreateObjectMapping: 0.150000 ms MarkObjects: 2.463500 ms  DeleteObjects: 0.085200 ms)

========================================================================
Received Prepare
Registering precompiled user dll's ...
Registered in 0.001878 seconds.
Begin MonoManager ReloadAssembly
Native extension for WindowsStandalone target not found
Native extension for WebGL target not found
Refreshing native plugins compatible for Editor in 0.46 ms, found 0 plugins.
Preloading 0 native plugins for Editor in 0.00 ms.
Mono: successfully reloaded assembly
- Completed reload, in  1.064 seconds
Platform modules already initialized, skipping
Shader 'Universal Render Pipeline/Particles/Lit': fallback shader 'Universal Render Pipeline/Particles/SimpleLit' not found
Refreshing native plugins compatible for Editor in 0.50 ms, found 0 plugins.
Preloading 0 native plugins for Editor in 0.00 ms.
Unloading 2470 Unused Serialized files (Serialized files now loaded: 0)
System memory in use before: 114.1 MB.
System memory in use after: 114.3 MB.

Unloading 9 unused Assets to reduce memory usage. Loaded Objects now: 3130.
Total: 4.033500 ms (FindLiveObjects: 0.459100 ms CreateObjectMapping: 0.170500 ms MarkObjects: 3.307700 ms  DeleteObjects: 0.094200 ms)

========================================================================
Received Prepare
Registering precompiled user dll's ...
Registered in 0.002832 seconds.
Begin MonoManager ReloadAssembly
Native extension for WindowsStandalone target not found
Native extension for WebGL target not found
Refreshing native plugins compatible for Editor in 0.45 ms, found 0 plugins.
Preloading 0 native plugins for Editor in 0.00 ms.
Mono: successfully reloaded assembly
- Completed reload, in  0.964 seconds
Platform modules already initialized, skipping
Shader 'Universal Render Pipeline/Particles/Lit': fallback shader 'Universal Render Pipeline/Particles/SimpleLit' not found
Refreshing native plugins compatible for Editor in 0.44 ms, found 0 plugins.
Preloading 0 native plugins for Editor in 0.00 ms.
Unloading 2470 Unused Serialized files (Serialized files now loaded: 0)
System memory in use before: 114.1 MB.
System memory in use after: 114.3 MB.

Unloading 9 unused Assets to reduce memory usage. Loaded Objects now: 3133.
Total: 2.832800 ms (FindLiveObjects: 0.287100 ms CreateObjectMapping: 0.123800 ms MarkObjects: 2.350500 ms  DeleteObjects: 0.070300 ms)

========================================================================
Received Import Request.
  Time since last request: 619.275650 seconds.
  path: Assets/GameDevHQ/FileBase/Projects/Tutorials/Starter_Files/2_5D_Certification_Starter/Prefabs/Long_Ladder_Platform.prefab
  artifactKey: Guid(ca3c584a856b35a4b8355ab7c1d5aaa5) Importer(815301076,1909f56bfc062723c751e8b465ee728b)
Start importing Assets/GameDevHQ/FileBase/Projects/Tutorials/Starter_Files/2_5D_Certification_Starter/Prefabs/Long_Ladder_Platform.prefab using Guid(ca3c584a856b35a4b8355ab7c1d5aaa5) Importer(815301076,1909f56bfc062723c751e8b465ee728b)  -> (artifact id: '2f7fc54c4a61d74cff739a3faa4a6d7a') in 0.392793 seconds
  Import took 0.402382 seconds .

========================================================================
Received Import Request.
  Time since last request: 20.765548 seconds.
  path: Assets/GameDevHQ/FileBase/Projects/Tutorials/Starter_Files/2_5D_Certification_Starter/Prefabs/MovingPlatform.prefab
  artifactKey: Guid(25643985435a35f4aa557934f503df72) Importer(815301076,1909f56bfc062723c751e8b465ee728b)
Start importing Assets/GameDevHQ/FileBase/Projects/Tutorials/Starter_Files/2_5D_Certification_Starter/Prefabs/MovingPlatform.prefab using Guid(25643985435a35f4aa557934f503df72) Importer(815301076,1909f56bfc062723c751e8b465ee728b)  -> (artifact id: '6f28a2e67e09300b7b6eb2e767b8e70c') in 0.107348 seconds
  Import took 0.116320 seconds .

========================================================================
Received Prepare
Registering precompiled user dll's ...
Registered in 0.001888 seconds.
Begin MonoManager ReloadAssembly
Native extension for WindowsStandalone target not found
Native extension for WebGL target not found
Refreshing native plugins compatible for Editor in 0.74 ms, found 0 plugins.
Preloading 0 native plugins for Editor in 0.00 ms.
Mono: successfully reloaded assembly
- Completed reload, in  1.052 seconds
Platform modules already initialized, skipping
Shader 'Universal Render Pipeline/Particles/Lit': fallback shader 'Universal Render Pipeline/Particles/SimpleLit' not found
Refreshing native plugins compatible for Editor in 0.47 ms, found 0 plugins.
Preloading 0 native plugins for Editor in 0.00 ms.
Unloading 2470 Unused Serialized files (Serialized files now loaded: 0)
System memory in use before: 119.4 MB.
System memory in use after: 119.6 MB.

Unloading 9 unused Assets to reduce memory usage. Loaded Objects now: 3183.
Total: 2.935200 ms (FindLiveObjects: 0.300600 ms CreateObjectMapping: 0.160600 ms MarkObjects: 2.394400 ms  DeleteObjects: 0.078600 ms)

========================================================================
Received Import Request.
  Time since last request: 277.987481 seconds.
  path: Assets/GameDevHQ/FileBase/Projects/Tutorials/Starter_Files/2_5D_Certification_Starter/Prefabs/Lift.prefab
  artifactKey: Guid(f133defb0f0f419488dab4ea230da1f7) Importer(815301076,1909f56bfc062723c751e8b465ee728b)
Start importing Assets/GameDevHQ/FileBase/Projects/Tutorials/Starter_Files/2_5D_Certification_Starter/Prefabs/Lift.prefab using Guid(f133defb0f0f419488dab4ea230da1f7) Importer(815301076,1909f56bfc062723c751e8b465ee728b)  -> (artifact id: '96f7fbdb6d4e478d98fa293c4b4da1e8') in 0.258227 seconds
  Import took 0.267086 seconds .

========================================================================
Received Import Request.
  Time since last request: 13.234489 seconds.
  path: Assets/GameDevHQ/FileBase/Projects/Tutorials/Starter_Files/2_5D_Certification_Starter/Scripts/Lift.cs
  artifactKey: Guid(6676d38f92e959b40b91c4c1cefd00c9) Importer(815301076,1909f56bfc062723c751e8b465ee728b)
Start importing Assets/GameDevHQ/FileBase/Projects/Tutorials/Starter_Files/2_5D_Certification_Starter/Scripts/Lift.cs using Guid(6676d38f92e959b40b91c4c1cefd00c9) Importer(815301076,1909f56bfc062723c751e8b465ee728b)  -> (artifact id: 'b060337bcdda83c02d38b73e9c9c0b4a') in 0.004198 seconds
  Import took 0.009153 seconds .

========================================================================
Received Import Request.
  Time since last request: 0.029833 seconds.
  path: Assets/GameDevHQ/FileBase/Projects/Tutorials/Starter_Files/2_5D_Certification_Starter/Scripts/Lift.cs
  artifactKey: Guid(6676d38f92e959b40b91c4c1cefd00c9) Importer(815301076,1909f56bfc062723c751e8b465ee728b)
Start importing Assets/GameDevHQ/FileBase/Projects/Tutorials/Starter_Files/2_5D_Certification_Starter/Scripts/Lift.cs using Guid(6676d38f92e959b40b91c4c1cefd00c9) Importer(815301076,1909f56bfc062723c751e8b465ee728b)  -> (artifact id: 'b060337bcdda83c02d38b73e9c9c0b4a') in 0.002812 seconds
  Import took 0.008159 seconds .

========================================================================
Received Prepare
Registering precompiled user dll's ...
Registered in 0.001912 seconds.
Begin MonoManager ReloadAssembly
Native extension for WindowsStandalone target not found
Native extension for WebGL target not found
Refreshing native plugins compatible for Editor in 0.47 ms, found 0 plugins.
Preloading 0 native plugins for Editor in 0.00 ms.
Mono: successfully reloaded assembly
- Completed reload, in  1.120 seconds
Platform modules already initialized, skipping
Shader 'Universal Render Pipeline/Particles/Lit': fallback shader 'Universal Render Pipeline/Particles/SimpleLit' not found
Refreshing native plugins compatible for Editor in 0.59 ms, found 0 plugins.
Preloading 0 native plugins for Editor in 0.00 ms.
Unloading 2470 Unused Serialized files (Serialized files now loaded: 0)
System memory in use before: 120.3 MB.
System memory in use after: 120.5 MB.

Unloading 9 unused Assets to reduce memory usage. Loaded Objects now: 3222.
Total: 3.021500 ms (FindLiveObjects: 0.338100 ms CreateObjectMapping: 0.147700 ms MarkObjects: 2.460300 ms  DeleteObjects: 0.074100 ms)

========================================================================
Received Import Request.
  Time since last request: 26.015813 seconds.
  path: Assets/GameDevHQ/FileBase/Projects/Tutorials/Starter_Files/2_5D_Certification_Starter/Scripts/Lift.cs
  artifactKey: Guid(6676d38f92e959b40b91c4c1cefd00c9) Importer(815301076,1909f56bfc062723c751e8b465ee728b)
Start importing Assets/GameDevHQ/FileBase/Projects/Tutorials/Starter_Files/2_5D_Certification_Starter/Scripts/Lift.cs using Guid(6676d38f92e959b40b91c4c1cefd00c9) Importer(815301076,1909f56bfc062723c751e8b465ee728b)  -> (artifact id: '9af94f8f0e61214465bf2e600ef217c3') in 0.005983 seconds
  Import took 0.012113 seconds .

========================================================================
Received Import Request.
  Time since last request: 0.903952 seconds.
  path: Assets/GameDevHQ/FileBase/Projects/Tutorials/Starter_Files/2_5D_Certification_Starter/Scripts/Lift.cs
  artifactKey: Guid(6676d38f92e959b40b91c4c1cefd00c9) Importer(815301076,1909f56bfc062723c751e8b465ee728b)
Start importing Assets/GameDevHQ/FileBase/Projects/Tutorials/Starter_Files/2_5D_Certification_Starter/Scripts/Lift.cs using Guid(6676d38f92e959b40b91c4c1cefd00c9) Importer(815301076,1909f56bfc062723c751e8b465ee728b)  -> (artifact id: '9af94f8f0e61214465bf2e600ef217c3') in 0.002143 seconds
  Import took 0.006766 seconds .

========================================================================
Received Import Request.
  Time since last request: 49.949377 seconds.
  path: Assets/GameDevHQ/FileBase/Projects/Tutorials/Starter_Files/2_5D_Certification_Starter/Scripts/MovingPlatform.cs
  artifactKey: Guid(7f1fc53ae8d75124884bd44594b1a4cd) Importer(815301076,1909f56bfc062723c751e8b465ee728b)
Start importing Assets/GameDevHQ/FileBase/Projects/Tutorials/Starter_Files/2_5D_Certification_Starter/Scripts/MovingPlatform.cs using Guid(7f1fc53ae8d75124884bd44594b1a4cd) Importer(815301076,1909f56bfc062723c751e8b465ee728b)  -> (artifact id: '3e3ac52851e7ebbb275d8915045afb4d') in 0.002712 seconds
  Import took 0.008175 seconds .

========================================================================
Received Prepare
Registering precompiled user dll's ...
Registered in 0.002339 seconds.
Begin MonoManager ReloadAssembly
Native extension for WindowsStandalone target not found
Native extension for WebGL target not found
Refreshing native plugins compatible for Editor in 0.47 ms, found 0 plugins.
Preloading 0 native plugins for Editor in 0.00 ms.
Mono: successfully reloaded assembly
- Completed reload, in  0.979 seconds
Platform modules already initialized, skipping
Shader 'Universal Render Pipeline/Particles/Lit': fallback shader 'Universal Render Pipeline/Particles/SimpleLit' not found
Refreshing native plugins compatible for Editor in 0.47 ms, found 0 plugins.
Preloading 0 native plugins for Editor in 0.00 ms.
Unloading 2470 Unused Serialized files (Serialized files now loaded: 0)
System memory in use before: 120.3 MB.
System memory in use after: 120.5 MB.

Unloading 9 unused Assets to reduce memory usage. Loaded Objects now: 3225.
Total: 3.076000 ms (FindLiveObjects: 0.300200 ms CreateObjectMapping: 0.147600 ms MarkObjects: 2.520800 ms  DeleteObjects: 0.105600 ms)

========================================================================
Received Import Request.
  Time since last request: 296.951391 seconds.
  path: Assets/GameDevHQ/FileBase/Projects/Tutorials/Starter_Files/2_5D_Certification_Starter/Scripts/MovingPlatformStay.cs
  artifactKey: Guid(4b7e5940a25626e45bd4a6a9b2600fb3) Importer(815301076,1909f56bfc062723c751e8b465ee728b)
Start importing Assets/GameDevHQ/FileBase/Projects/Tutorials/Starter_Files/2_5D_Certification_Starter/Scripts/MovingPlatformStay.cs using Guid(4b7e5940a25626e45bd4a6a9b2600fb3) Importer(815301076,1909f56bfc062723c751e8b465ee728b)  -> (artifact id: 'f8e93a1edeb3915f048f5422ac34f192') in 0.016960 seconds
  Import took 0.025025 seconds .

========================================================================
Received Prepare
Registering precompiled user dll's ...
Registered in 0.002707 seconds.
Begin MonoManager ReloadAssembly
Native extension for WindowsStandalone target not found
Native extension for WebGL target not found
Refreshing native plugins compatible for Editor in 0.53 ms, found 0 plugins.
Preloading 0 native plugins for Editor in 0.00 ms.
Mono: successfully reloaded assembly
- Completed reload, in  1.317 seconds
Platform modules already initialized, skipping
Shader 'Universal Render Pipeline/Particles/Lit': fallback shader 'Universal Render Pipeline/Particles/SimpleLit' not found
Refreshing native plugins compatible for Editor in 0.53 ms, found 0 plugins.
Preloading 0 native plugins for Editor in 0.00 ms.
Unloading 2471 Unused Serialized files (Serialized files now loaded: 0)
System memory in use before: 120.3 MB.
System memory in use after: 120.5 MB.

Unloading 9 unused Assets to reduce memory usage. Loaded Objects now: 3229.
Total: 2.876200 ms (FindLiveObjects: 0.319300 ms CreateObjectMapping: 0.138600 ms MarkObjects: 2.349500 ms  DeleteObjects: 0.067000 ms)

========================================================================
Received Prepare
Registering precompiled user dll's ...
Registered in 0.001897 seconds.
Begin MonoManager ReloadAssembly
Native extension for WindowsStandalone target not found
Native extension for WebGL target not found
Refreshing native plugins compatible for Editor in 0.45 ms, found 0 plugins.
Preloading 0 native plugins for Editor in 0.00 ms.
Mono: successfully reloaded assembly
- Completed reload, in  1.205 seconds
Platform modules already initialized, skipping
Shader 'Universal Render Pipeline/Particles/Lit': fallback shader 'Universal Render Pipeline/Particles/SimpleLit' not found
Refreshing native plugins compatible for Editor in 0.46 ms, found 0 plugins.
Preloading 0 native plugins for Editor in 0.00 ms.
Unloading 2471 Unused Serialized files (Serialized files now loaded: 0)
System memory in use before: 120.3 MB.
System memory in use after: 120.5 MB.

Unloading 9 unused Assets to reduce memory usage. Loaded Objects now: 3232.
Total: 2.813200 ms (FindLiveObjects: 0.283600 ms CreateObjectMapping: 0.142600 ms MarkObjects: 2.313600 ms  DeleteObjects: 0.072000 ms)

========================================================================
Received Import Request.
  Time since last request: 122.065194 seconds.
  path: Assets/GameDevHQ/FileBase/Projects/Tutorials/Starter_Files/2_5D_Certification_Starter/Scripts/MovingPlatformStay.cs
  artifactKey: Guid(4b7e5940a25626e45bd4a6a9b2600fb3) Importer(815301076,1909f56bfc062723c751e8b465ee728b)
Start importing Assets/GameDevHQ/FileBase/Projects/Tutorials/Starter_Files/2_5D_Certification_Starter/Scripts/MovingPlatformStay.cs using Guid(4b7e5940a25626e45bd4a6a9b2600fb3) Importer(815301076,1909f56bfc062723c751e8b465ee728b)  -> (artifact id: 'b4f7f88448df221d9e2c197e2ad7cb77') in 0.005329 seconds
  Import took 0.063741 seconds .

========================================================================
Received Prepare
Registering precompiled user dll's ...
Registered in 0.002455 seconds.
Begin MonoManager ReloadAssembly
Native extension for WindowsStandalone target not found
Native extension for WebGL target not found
Refreshing native plugins compatible for Editor in 0.45 ms, found 0 plugins.
Preloading 0 native plugins for Editor in 0.00 ms.
Mono: successfully reloaded assembly
- Completed reload, in  1.037 seconds
Platform modules already initialized, skipping
Shader 'Universal Render Pipeline/Particles/Lit': fallback shader 'Universal Render Pipeline/Particles/SimpleLit' not found
Refreshing native plugins compatible for Editor in 0.45 ms, found 0 plugins.
Preloading 0 native plugins for Editor in 0.00 ms.
Unloading 2471 Unused Serialized files (Serialized files now loaded: 0)
System memory in use before: 120.2 MB.
System memory in use after: 120.4 MB.

Unloading 9 unused Assets to reduce memory usage. Loaded Objects now: 3235.
Total: 2.768000 ms (FindLiveObjects: 0.431800 ms CreateObjectMapping: 0.137600 ms MarkObjects: 2.126900 ms  DeleteObjects: 0.070200 ms)

========================================================================
Received Prepare
Registering precompiled user dll's ...
Registered in 0.001796 seconds.
Begin MonoManager ReloadAssembly
Native extension for WindowsStandalone target not found
Native extension for WebGL target not found
Refreshing native plugins compatible for Editor in 0.47 ms, found 0 plugins.
Preloading 0 native plugins for Editor in 0.00 ms.
Mono: successfully reloaded assembly
- Completed reload, in  1.057 seconds
Platform modules already initialized, skipping
Shader 'Universal Render Pipeline/Particles/Lit': fallback shader 'Universal Render Pipeline/Particles/SimpleLit' not found
Refreshing native plugins compatible for Editor in 0.47 ms, found 0 plugins.
Preloading 0 native plugins for Editor in 0.00 ms.
Unloading 2471 Unused Serialized files (Serialized files now loaded: 0)
System memory in use before: 120.3 MB.
System memory in use after: 120.5 MB.

Unloading 9 unused Assets to reduce memory usage. Loaded Objects now: 3238.
Total: 3.006100 ms (FindLiveObjects: 0.308500 ms CreateObjectMapping: 0.125800 ms MarkObjects: 2.486500 ms  DeleteObjects: 0.083900 ms)

========================================================================
Received Prepare
Registering precompiled user dll's ...
Registered in 0.001856 seconds.
Begin MonoManager ReloadAssembly
Native extension for WindowsStandalone target not found
Native extension for WebGL target not found
Refreshing native plugins compatible for Editor in 0.46 ms, found 0 plugins.
Preloading 0 native plugins for Editor in 0.00 ms.
Mono: successfully reloaded assembly
- Completed reload, in  1.120 seconds
Platform modules already initialized, skipping
Shader 'Universal Render Pipeline/Particles/Lit': fallback shader 'Universal Render Pipeline/Particles/SimpleLit' not found
Refreshing native plugins compatible for Editor in 0.47 ms, found 0 plugins.
Preloading 0 native plugins for Editor in 0.00 ms.
Unloading 2471 Unused Serialized files (Serialized files now loaded: 0)
System memory in use before: 120.3 MB.
System memory in use after: 120.5 MB.

Unloading 9 unused Assets to reduce memory usage. Loaded Objects now: 3241.
Total: 2.617700 ms (FindLiveObjects: 0.297900 ms CreateObjectMapping: 0.144400 ms MarkObjects: 2.105700 ms  DeleteObjects: 0.068600 ms)

========================================================================
Received Import Request.
  Time since last request: 742.047614 seconds.
  path: Assets/Wispy Sky/Materials/WispySkyboxMobileMat.mat
  artifactKey: Guid(03902d0b450add74fa144e9510fd0f85) Importer(815301076,1909f56bfc062723c751e8b465ee728b)
Start importing Assets/Wispy Sky/Materials/WispySkyboxMobileMat.mat using Guid(03902d0b450add74fa144e9510fd0f85) Importer(815301076,1909f56bfc062723c751e8b465ee728b)  -> (artifact id: 'b8cebcd9707f41c70968745aed07d29e') in 0.857736 seconds
  Import took 0.864386 seconds .

========================================================================
Received Import Request.
  Time since last request: 0.000332 seconds.
  path: Assets/GameDevHQ/FileBase/Projects/Tutorials/Starter_Files/2_5D_Certification_Starter/Environments/Sci-Fi/Scifi_Lights_05_08/Materials/Scifi_Lights_Emissive.mat
  artifactKey: Guid(f2e339fb88a344ea0b163ac61d67e2bd) Importer(815301076,1909f56bfc062723c751e8b465ee728b)
Start importing Assets/GameDevHQ/FileBase/Projects/Tutorials/Starter_Files/2_5D_Certification_Starter/Environments/Sci-Fi/Scifi_Lights_05_08/Materials/Scifi_Lights_Emissive.mat using Guid(f2e339fb88a344ea0b163ac61d67e2bd) Importer(815301076,1909f56bfc062723c751e8b465ee728b)  -> (artifact id: '8b7f7f71e9d31320287fcf3d3d81acd6') in 0.039854 seconds
  Import took 0.044912 seconds .

========================================================================
Received Import Request.
  Time since last request: 0.000296 seconds.
  path: Assets/Wispy Sky/Materials/WispySkyboxCubeMat2.mat
  artifactKey: Guid(794eb5f8516828240b12c676f5aac8c3) Importer(815301076,1909f56bfc062723c751e8b465ee728b)
Start importing Assets/Wispy Sky/Materials/WispySkyboxCubeMat2.mat using Guid(794eb5f8516828240b12c676f5aac8c3) Importer(815301076,1909f56bfc062723c751e8b465ee728b)  -> (artifact id: '93952156820c5fe93ce286c7fdb05056') in 0.076719 seconds
  Import took 0.082968 seconds .

========================================================================
Received Import Request.
  Time since last request: 0.000274 seconds.
  path: Assets/GameDevHQ/FileBase/Projects/Tutorials/Starter_Files/2_5D_Certification_Starter/Environments/Sci-Fi/Scifi_Walls_05_07/Materials/Scifi_Walls_05_07.mat
  artifactKey: Guid(4e07ef04a8b484578abdd039911fa370) Importer(815301076,1909f56bfc062723c751e8b465ee728b)
Start importing Assets/GameDevHQ/FileBase/Projects/Tutorials/Starter_Files/2_5D_Certification_Starter/Environments/Sci-Fi/Scifi_Walls_05_07/Materials/Scifi_Walls_05_07.mat using Guid(4e07ef04a8b484578abdd039911fa370) Importer(815301076,1909f56bfc062723c751e8b465ee728b)  -> (artifact id: '91e77c76d10083fdeab64b91b3763d3b') in 0.250488 seconds
  Import took 0.264792 seconds .

========================================================================
Received Import Request.
  Time since last request: 0.000321 seconds.
  path: Assets/Wispy Sky/Materials/WispySkyboxMobileMat2.mat
  artifactKey: Guid(9f327c06f8120874aa029411cd0352cb) Importer(815301076,1909f56bfc062723c751e8b465ee728b)
Start importing Assets/Wispy Sky/Materials/WispySkyboxMobileMat2.mat using Guid(9f327c06f8120874aa029411cd0352cb) Importer(815301076,1909f56bfc062723c751e8b465ee728b)  -> (artifact id: '9acfaa0bb429092f3c8190446e70c5be') in 0.035658 seconds
  Import took 0.041975 seconds .

========================================================================
Received Import Request.
  Time since last request: 0.000405 seconds.
  path: Assets/Wispy Sky/Materials/WispySkyboxCubeMat.mat
  artifactKey: Guid(b22d7be7b41d68745aecdfce4c70c426) Importer(815301076,1909f56bfc062723c751e8b465ee728b)
Start importing Assets/Wispy Sky/Materials/WispySkyboxCubeMat.mat using Guid(b22d7be7b41d68745aecdfce4c70c426) Importer(815301076,1909f56bfc062723c751e8b465ee728b)  -> (artifact id: '9bf26e92811be0b3425f3723fcbcf695') in 0.019171 seconds
  Import took 0.024197 seconds .

========================================================================
Received Import Request.
  Time since last request: 0.000246 seconds.
  path: Assets/GameDevHQ/FileBase/Projects/Tutorials/Starter_Files/2_5D_Certification_Starter/Environments/Sci-Fi/Scifi_Lights_05_08/Materials/Scifi_Lights.mat
  artifactKey: Guid(407f053c92c7f44a08f7ea7af1893c8c) Importer(815301076,1909f56bfc062723c751e8b465ee728b)
Start importing Assets/GameDevHQ/FileBase/Projects/Tutorials/Starter_Files/2_5D_Certification_Starter/Environments/Sci-Fi/Scifi_Lights_05_08/Materials/Scifi_Lights.mat using Guid(407f053c92c7f44a08f7ea7af1893c8c) Importer(815301076,1909f56bfc062723c751e8b465ee728b)  -> (artifact id: '387f0b04091f719e8596ba9e8a6c7cb0') in 0.313989 seconds
  Import took 0.320072 seconds .

========================================================================
Received Import Request.
  Time since last request: 0.000322 seconds.
  path: Assets/GameDevHQ/FileBase/Projects/Tutorials/Starter_Files/2_5D_Certification_Starter/Environments/Sci-Fi/Scifi_Floors_01_12/Materials/Scifi_Floors_01_12.mat
  artifactKey: Guid(123f2b763d66045d986d3cd5b32c9968) Importer(815301076,1909f56bfc062723c751e8b465ee728b)
Start importing Assets/GameDevHQ/FileBase/Projects/Tutorials/Starter_Files/2_5D_Certification_Starter/Environments/Sci-Fi/Scifi_Floors_01_12/Materials/Scifi_Floors_01_12.mat using Guid(123f2b763d66045d986d3cd5b32c9968) Importer(815301076,1909f56bfc062723c751e8b465ee728b)  -> (artifact id: 'e00a965eb09050534175812004bdf5c5') in 0.317221 seconds
  Import took 0.322175 seconds .

========================================================================
Received Import Request.
  Time since last request: 0.000316 seconds.
  path: Assets/Wispy Sky/Materials/WispySkyboxMat2.mat
  artifactKey: Guid(7b621f3d20f81af4785f8576da7910e2) Importer(815301076,1909f56bfc062723c751e8b465ee728b)
Start importing Assets/Wispy Sky/Materials/WispySkyboxMat2.mat using Guid(7b621f3d20f81af4785f8576da7910e2) Importer(815301076,1909f56bfc062723c751e8b465ee728b)  -> (artifact id: '2a1da4c88f91b394fceca881ad78714d') in 0.206187 seconds
  Import took 0.211582 seconds .

========================================================================
Received Import Request.
  Time since last request: 0.000316 seconds.
  path: Assets/Wispy Sky/Materials/WispySkyboxMat.mat
  artifactKey: Guid(fb3b9b55c01d2194c816b2d469854e16) Importer(815301076,1909f56bfc062723c751e8b465ee728b)
Start importing Assets/Wispy Sky/Materials/WispySkyboxMat.mat using Guid(fb3b9b55c01d2194c816b2d469854e16) Importer(815301076,1909f56bfc062723c751e8b465ee728b)  -> (artifact id: '2f6cb9f3a4c7c827d8f73025e50a498c') in 0.034655 seconds
  Import took 0.040657 seconds .

========================================================================
Received Import Request.
  Time since last request: 0.051220 seconds.
  path: Assets/GameDevHQ/FileBase/Projects/Tutorials/Starter_Files/2_5D_Certification_Starter/Material/Ladder.mat
  artifactKey: Guid(603269c981c7903499eaeaf5390b392c) Importer(815301076,1909f56bfc062723c751e8b465ee728b)
Start importing Assets/GameDevHQ/FileBase/Projects/Tutorials/Starter_Files/2_5D_Certification_Starter/Material/Ladder.mat using Guid(603269c981c7903499eaeaf5390b392c) Importer(815301076,1909f56bfc062723c751e8b465ee728b)  -> (artifact id: '3c03ac19579b6b111956ebb3fea4041f') in 0.039998 seconds
  Import took 0.046223 seconds .

========================================================================
Received Import Request.
  Time since last request: 0.000350 seconds.
  path: Assets/GameDevHQ/FileBase/Projects/Tutorials/Starter_Files/2_5D_Certification_Starter/Environments/Sci-Fi/Scifi_Containers_Cube_01_02/Materials/Scifi_Containers_Cube_01_02.mat
  artifactKey: Guid(4be93cfedea2e4bb58a4b422a94cc9a7) Importer(815301076,1909f56bfc062723c751e8b465ee728b)
Start importing Assets/GameDevHQ/FileBase/Projects/Tutorials/Starter_Files/2_5D_Certification_Starter/Environments/Sci-Fi/Scifi_Containers_Cube_01_02/Materials/Scifi_Containers_Cube_01_02.mat using Guid(4be93cfedea2e4bb58a4b422a94cc9a7) Importer(815301076,1909f56bfc062723c751e8b465ee728b)  -> (artifact id: 'a1d8e59a1cabfd97f48327b5949f5bea') in 0.086215 seconds
  Import took 0.091494 seconds .

========================================================================
Received Import Request.
  Time since last request: 0.080866 seconds.
  path: Assets/GameDevHQ/FileBase/Plugin/Fonts/FuturaStd-ExtraBoldOblique.otf
  artifactKey: Guid(d0e5a708c6efab34c935980043899e70) Importer(815301076,1909f56bfc062723c751e8b465ee728b)
Start importing Assets/GameDevHQ/FileBase/Plugin/Fonts/FuturaStd-ExtraBoldOblique.otf using Guid(d0e5a708c6efab34c935980043899e70) Importer(815301076,1909f56bfc062723c751e8b465ee728b)  -> (artifact id: '37325148bf88eeca7faa1915a6791a97') in 0.167480 seconds
  Import took 0.173010 seconds .

========================================================================
Received Import Request.
  Time since last request: 0.000306 seconds.
  path: Assets/GameDevHQ/FileBase/Plugin/Fonts/SourceSansPro-SemiBold.ttf
  artifactKey: Guid(7ea17d442e0f65d4b8c1096a613e8279) Importer(815301076,1909f56bfc062723c751e8b465ee728b)
Start importing Assets/GameDevHQ/FileBase/Plugin/Fonts/SourceSansPro-SemiBold.ttf using Guid(7ea17d442e0f65d4b8c1096a613e8279) Importer(815301076,1909f56bfc062723c751e8b465ee728b)  -> (artifact id: '1cd247947c674d91d678e962af14ab9e') in 0.106063 seconds
  Import took 0.110572 seconds .

========================================================================
Received Import Request.
  Time since last request: 0.000323 seconds.
  path: Assets/GameDevHQ/FileBase/Projects/Tutorials/Starter_Files/2_5D_Certification_Starter/Material/Coin_mat.mat
  artifactKey: Guid(54d8d6d1e2f65514889d19f4d54448bb) Importer(815301076,1909f56bfc062723c751e8b465ee728b)
Start importing Assets/GameDevHQ/FileBase/Projects/Tutorials/Starter_Files/2_5D_Certification_Starter/Material/Coin_mat.mat using Guid(54d8d6d1e2f65514889d19f4d54448bb) Importer(815301076,1909f56bfc062723c751e8b465ee728b)  -> (artifact id: 'b64ece11862719cec3a2d65334779f83') in 0.071918 seconds
  Import took 0.076218 seconds .

========================================================================
Received Import Request.
  Time since last request: 0.000313 seconds.
  path: Assets/GameDevHQ/FileBase/Plugin/Fonts/SourceSansPro-Regular.ttf
  artifactKey: Guid(4fd3631bcba788940ad9183ad76683fd) Importer(815301076,1909f56bfc062723c751e8b465ee728b)
Start importing Assets/GameDevHQ/FileBase/Plugin/Fonts/SourceSansPro-Regular.ttf using Guid(4fd3631bcba788940ad9183ad76683fd) Importer(815301076,1909f56bfc062723c751e8b465ee728b)  -> (artifact id: '1780932ccc17dc3895f2c0ebc8136138') in 0.051265 seconds
  Import took 0.055981 seconds .

========================================================================
Received Import Request.
  Time since last request: 0.000344 seconds.
  path: Assets/GameDevHQ/FileBase/Plugin/Fonts/FuturaStd-BoldOblique.otf
  artifactKey: Guid(5cb4434262dab0946b66d63c489196da) Importer(815301076,1909f56bfc062723c751e8b465ee728b)
Start importing Assets/GameDevHQ/FileBase/Plugin/Fonts/FuturaStd-BoldOblique.otf using Guid(5cb4434262dab0946b66d63c489196da) Importer(815301076,1909f56bfc062723c751e8b465ee728b)  -> (artifact id: 'd94107d4fc62935f22e37ce93b1ff14b') in 0.021963 seconds
  Import took 0.027242 seconds .

========================================================================
Received Import Request.
  Time since last request: 0.056438 seconds.
  path: Assets/GameDevHQ/FileBase/3D/Characters/Humans/Mercenary_04/FBX/xbot@Hanging Idle.fbx
  artifactKey: Guid(1c3fc6aa2a5a98b4ea83198b2fceb8ba) Importer(815301076,1909f56bfc062723c751e8b465ee728b)
Start importing Assets/GameDevHQ/FileBase/3D/Characters/Humans/Mercenary_04/FBX/xbot@Hanging Idle.fbx using Guid(1c3fc6aa2a5a98b4ea83198b2fceb8ba) Importer(815301076,1909f56bfc062723c751e8b465ee728b)  -> (artifact id: '7748329249b9af6c7d4a283c94a30312') in 0.620386 seconds
  Import took 0.626778 seconds .

========================================================================
Received Import Request.
  Time since last request: 0.000314 seconds.
  path: Assets/GameDevHQ/FileBase/3D/Characters/Humans/Mercenary_04/Materials/8_meshes_Merge_Diffuse.mat
  artifactKey: Guid(b1394ffc968f71a49b17d0d235b1d889) Importer(815301076,1909f56bfc062723c751e8b465ee728b)
Start importing Assets/GameDevHQ/FileBase/3D/Characters/Humans/Mercenary_04/Materials/8_meshes_Merge_Diffuse.mat using Guid(b1394ffc968f71a49b17d0d235b1d889) Importer(815301076,1909f56bfc062723c751e8b465ee728b)  -> (artifact id: 'cf69e5158eadca0ad0f506c95140be35') in 0.297657 seconds
  Import took 0.302585 seconds .

========================================================================
Received Import Request.
  Time since last request: 0.000319 seconds.
  path: Assets/GameDevHQ/FileBase/3D/Characters/Humans/Mercenary_04/Materials/5_meshes_Merge_Diffuse.mat
  artifactKey: Guid(c15d03220d0b1b14ebced3106afc5583) Importer(815301076,1909f56bfc062723c751e8b465ee728b)
Start importing Assets/GameDevHQ/FileBase/3D/Characters/Humans/Mercenary_04/Materials/5_meshes_Merge_Diffuse.mat using Guid(c15d03220d0b1b14ebced3106afc5583) Importer(815301076,1909f56bfc062723c751e8b465ee728b)  -> (artifact id: 'a9a07861531a3b5ce9678bb7490652de') in 0.233409 seconds
  Import took 0.238509 seconds .

========================================================================
Received Import Request.
  Time since last request: 0.000343 seconds.
  path: Assets/GameDevHQ/FileBase/3D/Characters/Humans/Mercenary_04/Materials/4_meshes_Merge_Diffuse.mat
  artifactKey: Guid(9673673d7e2448e40a671b1e58fb7dde) Importer(815301076,1909f56bfc062723c751e8b465ee728b)
Start importing Assets/GameDevHQ/FileBase/3D/Characters/Humans/Mercenary_04/Materials/4_meshes_Merge_Diffuse.mat using Guid(9673673d7e2448e40a671b1e58fb7dde) Importer(815301076,1909f56bfc062723c751e8b465ee728b)  -> (artifact id: '35fa339656272773fa5f20bf0701f039') in 0.278170 seconds
  Import took 0.284679 seconds .

========================================================================
Received Import Request.
  Time since last request: 0.000367 seconds.
  path: Assets/GameDevHQ/FileBase/3D/Characters/Humans/Mercenary_04/Materials/6_meshes_Merge_Diffuse.mat
  artifactKey: Guid(8ee1e07465e3bf3408a125e0a1dd096b) Importer(815301076,1909f56bfc062723c751e8b465ee728b)
Start importing Assets/GameDevHQ/FileBase/3D/Characters/Humans/Mercenary_04/Materials/6_meshes_Merge_Diffuse.mat using Guid(8ee1e07465e3bf3408a125e0a1dd096b) Importer(815301076,1909f56bfc062723c751e8b465ee728b)  -> (artifact id: '04dbd74956c8945bdef5b2b57a4f369b') in 0.287370 seconds
  Import took 0.294130 seconds .

========================================================================
Received Prepare
Registering precompiled user dll's ...
Registered in 0.001898 seconds.
Begin MonoManager ReloadAssembly
Native extension for WindowsStandalone target not found
Native extension for WebGL target not found
Refreshing native plugins compatible for Editor in 0.49 ms, found 0 plugins.
Preloading 0 native plugins for Editor in 0.00 ms.
Mono: successfully reloaded assembly
- Completed reload, in  1.148 seconds
Platform modules already initialized, skipping
Shader 'Universal Render Pipeline/Particles/Lit': fallback shader 'Universal Render Pipeline/Particles/SimpleLit' not found
Refreshing native plugins compatible for Editor in 0.71 ms, found 0 plugins.
Preloading 0 native plugins for Editor in 0.00 ms.
Unloading 2471 Unused Serialized files (Serialized files now loaded: 0)
System memory in use before: 135.0 MB.
System memory in use after: 135.2 MB.

Unloading 9 unused Assets to reduce memory usage. Loaded Objects now: 3324.
Total: 3.064000 ms (FindLiveObjects: 0.299300 ms CreateObjectMapping: 0.121000 ms MarkObjects: 2.575200 ms  DeleteObjects: 0.067300 ms)

========================================================================
Received Import Request.
  Time since last request: 576.548436 seconds.
  path: Assets/GameDevHQ/FileBase/Projects/Tutorials/Starter_Files/2_5D_Certification_Starter/Scripts/ReSpawn.cs
  artifactKey: Guid(b884a8c1653998f448854dc93b93ed9f) Importer(815301076,1909f56bfc062723c751e8b465ee728b)
Start importing Assets/GameDevHQ/FileBase/Projects/Tutorials/Starter_Files/2_5D_Certification_Starter/Scripts/ReSpawn.cs using Guid(b884a8c1653998f448854dc93b93ed9f) Importer(815301076,1909f56bfc062723c751e8b465ee728b)  -> (artifact id: '85e6d473447848e5db7f768f15f5dd60') in 0.012400 seconds
  Import took 0.041183 seconds .

========================================================================
Received Import Request.
  Time since last request: 0.003268 seconds.
  path: Assets/GameDevHQ/FileBase/Projects/Tutorials/Starter_Files/2_5D_Certification_Starter/Scripts/ReSpawn.cs
  artifactKey: Guid(b884a8c1653998f448854dc93b93ed9f) Importer(815301076,1909f56bfc062723c751e8b465ee728b)
Start importing Assets/GameDevHQ/FileBase/Projects/Tutorials/Starter_Files/2_5D_Certification_Starter/Scripts/ReSpawn.cs using Guid(b884a8c1653998f448854dc93b93ed9f) Importer(815301076,1909f56bfc062723c751e8b465ee728b)  -> (artifact id: '85e6d473447848e5db7f768f15f5dd60') in 0.002758 seconds
  Import took 0.010209 seconds .

========================================================================
Received Prepare
Registering precompiled user dll's ...
Registered in 0.001758 seconds.
Begin MonoManager ReloadAssembly
Native extension for WindowsStandalone target not found
Native extension for WebGL target not found
Refreshing native plugins compatible for Editor in 0.87 ms, found 0 plugins.
Preloading 0 native plugins for Editor in 0.00 ms.
Mono: successfully reloaded assembly
- Completed reload, in  1.163 seconds
Platform modules already initialized, skipping
Shader 'Universal Render Pipeline/Particles/Lit': fallback shader 'Universal Render Pipeline/Particles/SimpleLit' not found
Refreshing native plugins compatible for Editor in 0.62 ms, found 0 plugins.
Preloading 0 native plugins for Editor in 0.00 ms.
Unloading 2472 Unused Serialized files (Serialized files now loaded: 0)
System memory in use before: 135.0 MB.
System memory in use after: 135.2 MB.

Unloading 9 unused Assets to reduce memory usage. Loaded Objects now: 3328.
Total: 2.535700 ms (FindLiveObjects: 0.300100 ms CreateObjectMapping: 0.119100 ms MarkObjects: 2.043100 ms  DeleteObjects: 0.068000 ms)

========================================================================
Received Prepare
Registering precompiled user dll's ...
Registered in 0.001817 seconds.
Begin MonoManager ReloadAssembly
Native extension for WindowsStandalone target not found
Native extension for WebGL target not found
Refreshing native plugins compatible for Editor in 0.45 ms, found 0 plugins.
Preloading 0 native plugins for Editor in 0.00 ms.
Mono: successfully reloaded assembly
- Completed reload, in  1.033 seconds
Platform modules already initialized, skipping
Shader 'Universal Render Pipeline/Particles/Lit': fallback shader 'Universal Render Pipeline/Particles/SimpleLit' not found
Refreshing native plugins compatible for Editor in 0.51 ms, found 0 plugins.
Preloading 0 native plugins for Editor in 0.00 ms.
Unloading 2472 Unused Serialized files (Serialized files now loaded: 0)
System memory in use before: 135.0 MB.
System memory in use after: 135.2 MB.

Unloading 9 unused Assets to reduce memory usage. Loaded Objects now: 3331.
Total: 2.775800 ms (FindLiveObjects: 0.288300 ms CreateObjectMapping: 0.119800 ms MarkObjects: 2.289500 ms  DeleteObjects: 0.076800 ms)

========================================================================
Received Import Request.
  Time since last request: 85.292729 seconds.
  path: Assets/GameDevHQ/FileBase/Projects/Tutorials/Starter_Files/2_5D_Certification_Starter/Scripts/ReSpawn.cs
  artifactKey: Guid(b884a8c1653998f448854dc93b93ed9f) Importer(815301076,1909f56bfc062723c751e8b465ee728b)
Start importing Assets/GameDevHQ/FileBase/Projects/Tutorials/Starter_Files/2_5D_Certification_Starter/Scripts/ReSpawn.cs using Guid(b884a8c1653998f448854dc93b93ed9f) Importer(815301076,1909f56bfc062723c751e8b465ee728b)  -> (artifact id: '30a0607e35dac9d3c28e8d63e41eb3ab') in 0.005200 seconds
  Import took 0.009553 seconds .

========================================================================
Received Prepare
Registering precompiled user dll's ...
Registered in 0.001952 seconds.
Begin MonoManager ReloadAssembly
Native extension for WindowsStandalone target not found
Native extension for WebGL target not found
Refreshing native plugins compatible for Editor in 0.51 ms, found 0 plugins.
Preloading 0 native plugins for Editor in 0.00 ms.
Mono: successfully reloaded assembly
- Completed reload, in  1.083 seconds
Platform modules already initialized, skipping
Shader 'Universal Render Pipeline/Particles/Lit': fallback shader 'Universal Render Pipeline/Particles/SimpleLit' not found
Refreshing native plugins compatible for Editor in 0.44 ms, found 0 plugins.
Preloading 0 native plugins for Editor in 0.00 ms.
Unloading 2472 Unused Serialized files (Serialized files now loaded: 0)
System memory in use before: 135.0 MB.
System memory in use after: 135.2 MB.

Unloading 9 unused Assets to reduce memory usage. Loaded Objects now: 3334.
Total: 2.870800 ms (FindLiveObjects: 0.307500 ms CreateObjectMapping: 0.139900 ms MarkObjects: 2.356700 ms  DeleteObjects: 0.065300 ms)

========================================================================
Received Prepare
Registering precompiled user dll's ...
Registered in 0.001775 seconds.
Begin MonoManager ReloadAssembly
Native extension for WindowsStandalone target not found
Native extension for WebGL target not found
Refreshing native plugins compatible for Editor in 0.46 ms, found 0 plugins.
Preloading 0 native plugins for Editor in 0.00 ms.
Mono: successfully reloaded assembly
- Completed reload, in  0.987 seconds
Platform modules already initialized, skipping
Shader 'Universal Render Pipeline/Particles/Lit': fallback shader 'Universal Render Pipeline/Particles/SimpleLit' not found
Refreshing native plugins compatible for Editor in 0.43 ms, found 0 plugins.
Preloading 0 native plugins for Editor in 0.00 ms.
Unloading 2472 Unused Serialized files (Serialized files now loaded: 0)
System memory in use before: 135.0 MB.
System memory in use after: 135.2 MB.

Unloading 9 unused Assets to reduce memory usage. Loaded Objects now: 3337.
Total: 2.754400 ms (FindLiveObjects: 0.401100 ms CreateObjectMapping: 0.122500 ms MarkObjects: 2.063600 ms  DeleteObjects: 0.165600 ms)

AssetImportWorkerClient::OnTransportError - code=2 error=End of file
